Picked up JAVA_TOOL_OPTIONS: -Dstdout.encoding=UTF-8 -Dstderr.encoding=UTF-8
WARNING: A terminally deprecated method in sun.misc.Unsafe has been called
WARNING: sun.misc.Unsafe::staticFieldBase has been called by com.google.inject.internal.aop.HiddenClassDefiner (file:/C:/Users/migue/AppData/Roaming/Code/User/globalStorage/pleiades.java-extension-pack-jdk/maven/latest/lib/guice-5.1.0-classes.jar)
WARNING: Please consider reporting this to the maintainers of class com.google.inject.internal.aop.HiddenClassDefiner
WARNING: sun.misc.Unsafe::staticFieldBase will be removed in a future release
[INFO] Error stacktraces are turned on.
[INFO] Scanning for projects...
[INFO] ------------------------------------------------------------------------
[INFO] Reactor Build Order:
[INFO] 
[INFO] beckerhealth-pai                                                   [pom]
[INFO] Domínio Compartilhado                                              [jar]
[INFO] Domínio Consultas                                                  [jar]
[INFO] Domínio Prontuário                                                 [jar]
[INFO] Domínio Notificação                                                [jar]
[INFO] Domínio Relatórios                                                 [jar]
[INFO] Aplicação                                                          [jar]
[INFO] Infraestrutura                                                     [jar]
[INFO] Apresentação Backend                                               [jar]
[INFO] apresentacao-frontend                                              [jar]
[INFO] Apresentação Vaadin                                                [jar]
[INFO] BeckerHealth Parent                                                [pom]
[INFO] 
[INFO] -----------------< dev.beckerhealth:beckerhealth-pai >------------------
[INFO] Building beckerhealth-pai 1.0.0-SNAPSHOT                          [1/12]
[INFO]   from pai\pom.xml
[INFO] --------------------------------[ pom ]---------------------------------
[INFO] 
[INFO] --- clean:3.4.0:clean (default-clean) @ beckerhealth-pai ---
[INFO] Deleting C:\Users\migue\OneDrive\Desktop\BeckerHealth-1\pai\target
[INFO] 
[INFO] --- depgraph:4.0.3:graph (default) @ beckerhealth-pai ---
[INFO] 
[INFO] --- install:3.1.3:install (default-install) @ beckerhealth-pai ---
[INFO] Installing C:\Users\migue\OneDrive\Desktop\BeckerHealth-1\pai\pom.xml to C:\Users\migue\.m2\repository\dev\beckerhealth\beckerhealth-pai\1.0.0-SNAPSHOT\beckerhealth-pai-1.0.0-SNAPSHOT.pom
[INFO] 
[INFO] ---------------< dev.beckerhealth:dominio-compartilhado >---------------
[INFO] Building Domínio Compartilhado 1.0.0-SNAPSHOT                     [2/12]
[INFO]   from dominio-compartilhado\pom.xml
[INFO] --------------------------------[ jar ]---------------------------------
[INFO] 
[INFO] --- clean:3.4.0:clean (default-clean) @ dominio-compartilhado ---
[INFO] Deleting C:\Users\migue\OneDrive\Desktop\BeckerHealth-1\dominio-compartilhado\target
[INFO] 
[INFO] --- depgraph:4.0.3:graph (default) @ dominio-compartilhado ---
[INFO] 
[INFO] --- resources:3.3.1:resources (default-resources) @ dominio-compartilhado ---
[INFO] skip non existing resourceDirectory C:\Users\migue\OneDrive\Desktop\BeckerHealth-1\dominio-compartilhado\src\main\resources
[INFO] skip non existing resourceDirectory C:\Users\migue\OneDrive\Desktop\BeckerHealth-1\dominio-compartilhado\src\main\resources
[INFO] 
[INFO] --- compiler:3.13.0:compile (default-compile) @ dominio-compartilhado ---
[INFO] Recompiling the module because of changed source code.
[INFO] Compiling 11 source files with javac [debug parameters release 17] to target\classes
[INFO] 
[INFO] --- resources:3.3.1:testResources (default-testResources) @ dominio-compartilhado ---
[INFO] skip non existing resourceDirectory C:\Users\migue\OneDrive\Desktop\BeckerHealth-1\dominio-compartilhado\src\test\resources
[INFO] 
[INFO] --- compiler:3.13.0:testCompile (default-testCompile) @ dominio-compartilhado ---
[INFO] No sources to compile
[INFO] 
[INFO] --- surefire:3.5.2:test (default-test) @ dominio-compartilhado ---
[INFO] Tests are skipped.
[INFO] 
[INFO] --- jar:3.4.2:jar (default-jar) @ dominio-compartilhado ---
[INFO] Building jar: C:\Users\migue\OneDrive\Desktop\BeckerHealth-1\dominio-compartilhado\target\dominio-compartilhado-1.0.0-SNAPSHOT.jar
[INFO] 
[INFO] --- install:3.1.3:install (default-install) @ dominio-compartilhado ---
[INFO] Installing C:\Users\migue\OneDrive\Desktop\BeckerHealth-1\dominio-compartilhado\pom.xml to C:\Users\migue\.m2\repository\dev\beckerhealth\dominio-compartilhado\1.0.0-SNAPSHOT\dominio-compartilhado-1.0.0-SNAPSHOT.pom
[INFO] Installing C:\Users\migue\OneDrive\Desktop\BeckerHealth-1\dominio-compartilhado\target\dominio-compartilhado-1.0.0-SNAPSHOT.jar to C:\Users\migue\.m2\repository\dev\beckerhealth\dominio-compartilhado\1.0.0-SNAPSHOT\dominio-compartilhado-1.0.0-SNAPSHOT.jar
[INFO] 
[INFO] -----------------< dev.beckerhealth:dominio-consultas >-----------------
[INFO] Building Domínio Consultas 1.0.0-SNAPSHOT                         [3/12]
[INFO]   from dominio-consultas\pom.xml
[INFO] --------------------------------[ jar ]---------------------------------
[INFO] 
[INFO] --- clean:3.4.0:clean (default-clean) @ dominio-consultas ---
[INFO] Deleting C:\Users\migue\OneDrive\Desktop\BeckerHealth-1\dominio-consultas\target
[INFO] 
[INFO] --- depgraph:4.0.3:graph (default) @ dominio-consultas ---
[INFO] 
[INFO] --- resources:3.3.1:resources (default-resources) @ dominio-consultas ---
[INFO] skip non existing resourceDirectory C:\Users\migue\OneDrive\Desktop\BeckerHealth-1\dominio-consultas\src\main\resources
[INFO] skip non existing resourceDirectory C:\Users\migue\OneDrive\Desktop\BeckerHealth-1\dominio-consultas\src\main\resources
[INFO] 
[INFO] --- compiler:3.13.0:compile (default-compile) @ dominio-consultas ---
[INFO] Recompiling the module because of changed dependency.
[INFO] Compiling 6 source files with javac [debug parameters release 17] to target\classes
[INFO] 
[INFO] --- resources:3.3.1:testResources (default-testResources) @ dominio-consultas ---
[INFO] Copying 1 resource from src\test\resources to target\test-classes
[INFO] 
[INFO] --- compiler:3.13.0:testCompile (default-testCompile) @ dominio-consultas ---
[INFO] Recompiling the module because of changed dependency.
[INFO] Compiling 2 source files with javac [debug parameters release 17] to target\test-classes
[INFO] 
[INFO] --- surefire:3.1.2:test (default-test) @ dominio-consultas ---
[INFO] Tests are skipped.
[INFO] 
[INFO] --- jar:3.4.2:jar (default-jar) @ dominio-consultas ---
[INFO] Building jar: C:\Users\migue\OneDrive\Desktop\BeckerHealth-1\dominio-consultas\target\dominio-consultas-1.0.0-SNAPSHOT.jar
[INFO] 
[INFO] --- install:3.1.3:install (default-install) @ dominio-consultas ---
[INFO] Installing C:\Users\migue\OneDrive\Desktop\BeckerHealth-1\dominio-consultas\pom.xml to C:\Users\migue\.m2\repository\dev\beckerhealth\dominio-consultas\1.0.0-SNAPSHOT\dominio-consultas-1.0.0-SNAPSHOT.pom
[INFO] Installing C:\Users\migue\OneDrive\Desktop\BeckerHealth-1\dominio-consultas\target\dominio-consultas-1.0.0-SNAPSHOT.jar to C:\Users\migue\.m2\repository\dev\beckerhealth\dominio-consultas\1.0.0-SNAPSHOT\dominio-consultas-1.0.0-SNAPSHOT.jar
[INFO] 
[INFO] ----------------< dev.beckerhealth:dominio-prontuario >-----------------
[INFO] Building Domínio Prontuário 1.0.0-SNAPSHOT                        [4/12]
[INFO]   from dominio-prontuario\pom.xml
[INFO] --------------------------------[ jar ]---------------------------------
[INFO] 
[INFO] --- clean:3.4.0:clean (default-clean) @ dominio-prontuario ---
[INFO] Deleting C:\Users\migue\OneDrive\Desktop\BeckerHealth-1\dominio-prontuario\target
[INFO] 
[INFO] --- depgraph:4.0.3:graph (default) @ dominio-prontuario ---
[INFO] 
[INFO] --- resources:3.3.1:resources (default-resources) @ dominio-prontuario ---
[INFO] skip non existing resourceDirectory C:\Users\migue\OneDrive\Desktop\BeckerHealth-1\dominio-prontuario\src\main\resources
[INFO] skip non existing resourceDirectory C:\Users\migue\OneDrive\Desktop\BeckerHealth-1\dominio-prontuario\src\main\resources
[INFO] 
[INFO] --- compiler:3.10.1:compile (default-compile) @ dominio-prontuario ---
[INFO] Changes detected - recompiling the module!
[INFO] Compiling 3 source files to C:\Users\migue\OneDrive\Desktop\BeckerHealth-1\dominio-prontuario\target\classes
[INFO] 
[INFO] --- resources:3.3.1:testResources (default-testResources) @ dominio-prontuario ---
[INFO] Copying 1 resource from src\test\resources to target\test-classes
[INFO] 
[INFO] --- compiler:3.10.1:testCompile (default-testCompile) @ dominio-prontuario ---
[INFO] Changes detected - recompiling the module!
[INFO] Compiling 2 source files to C:\Users\migue\OneDrive\Desktop\BeckerHealth-1\dominio-prontuario\target\test-classes
[INFO] /C:/Users/migue/OneDrive/Desktop/BeckerHealth-1/dominio-prontuario/src/test/java/dev/beckerhealth/dominio/prontuario/runner/ProntuarioTestRunner.java: C:\Users\migue\OneDrive\Desktop\BeckerHealth-1\dominio-prontuario\src\test\java\dev\beckerhealth\dominio\prontuario\runner\ProntuarioTestRunner.java uses or overrides a deprecated API.
[INFO] /C:/Users/migue/OneDrive/Desktop/BeckerHealth-1/dominio-prontuario/src/test/java/dev/beckerhealth/dominio/prontuario/runner/ProntuarioTestRunner.java: Recompile with -Xlint:deprecation for details.
[INFO] 
[INFO] --- surefire:3.1.2:test (default-test) @ dominio-prontuario ---
[INFO] Tests are skipped.
[INFO] 
[INFO] --- jar:3.4.2:jar (default-jar) @ dominio-prontuario ---
[INFO] Building jar: C:\Users\migue\OneDrive\Desktop\BeckerHealth-1\dominio-prontuario\target\dominio-prontuario-1.0.0-SNAPSHOT.jar
[INFO] 
[INFO] --- install:3.1.3:install (default-install) @ dominio-prontuario ---
[INFO] Installing C:\Users\migue\OneDrive\Desktop\BeckerHealth-1\dominio-prontuario\pom.xml to C:\Users\migue\.m2\repository\dev\beckerhealth\dominio-prontuario\1.0.0-SNAPSHOT\dominio-prontuario-1.0.0-SNAPSHOT.pom
[INFO] Installing C:\Users\migue\OneDrive\Desktop\BeckerHealth-1\dominio-prontuario\target\dominio-prontuario-1.0.0-SNAPSHOT.jar to C:\Users\migue\.m2\repository\dev\beckerhealth\dominio-prontuario\1.0.0-SNAPSHOT\dominio-prontuario-1.0.0-SNAPSHOT.jar
[INFO] 
[INFO] ----------------< dev.beckerhealth:dominio-notificacao >----------------
[INFO] Building Domínio Notificação 1.0.0-SNAPSHOT                       [5/12]
[INFO]   from dominio-notificacao\pom.xml
[INFO] --------------------------------[ jar ]---------------------------------
[INFO] 
[INFO] --- clean:3.4.0:clean (default-clean) @ dominio-notificacao ---
[INFO] Deleting C:\Users\migue\OneDrive\Desktop\BeckerHealth-1\dominio-notificacao\target
[INFO] 
[INFO] --- depgraph:4.0.3:graph (default) @ dominio-notificacao ---
[INFO] 
[INFO] --- resources:3.3.1:resources (default-resources) @ dominio-notificacao ---
[INFO] skip non existing resourceDirectory C:\Users\migue\OneDrive\Desktop\BeckerHealth-1\dominio-notificacao\src\main\resources
[INFO] skip non existing resourceDirectory C:\Users\migue\OneDrive\Desktop\BeckerHealth-1\dominio-notificacao\src\main\resources
[INFO] 
[INFO] --- compiler:3.13.0:compile (default-compile) @ dominio-notificacao ---
[INFO] Recompiling the module because of changed dependency.
[INFO] Compiling 3 source files with javac [debug parameters release 17] to target\classes
[INFO] 
[INFO] --- resources:3.3.1:testResources (default-testResources) @ dominio-notificacao ---
[INFO] Copying 1 resource from src\test\resources to target\test-classes
[INFO] 
[INFO] --- compiler:3.13.0:testCompile (default-testCompile) @ dominio-notificacao ---
[INFO] Recompiling the module because of changed dependency.
[INFO] Compiling 3 source files with javac [debug parameters release 17] to target\test-classes
[INFO] 
[INFO] --- surefire:3.1.2:test (default-test) @ dominio-notificacao ---
[INFO] Tests are skipped.
[INFO] 
[INFO] --- jar:3.4.2:jar (default-jar) @ dominio-notificacao ---
[INFO] Building jar: C:\Users\migue\OneDrive\Desktop\BeckerHealth-1\dominio-notificacao\target\dominio-notificacao-1.0.0-SNAPSHOT.jar
[INFO] 
[INFO] --- install:3.1.3:install (default-install) @ dominio-notificacao ---
[INFO] Installing C:\Users\migue\OneDrive\Desktop\BeckerHealth-1\dominio-notificacao\pom.xml to C:\Users\migue\.m2\repository\dev\beckerhealth\dominio-notificacao\1.0.0-SNAPSHOT\dominio-notificacao-1.0.0-SNAPSHOT.pom
[INFO] Installing C:\Users\migue\OneDrive\Desktop\BeckerHealth-1\dominio-notificacao\target\dominio-notificacao-1.0.0-SNAPSHOT.jar to C:\Users\migue\.m2\repository\dev\beckerhealth\dominio-notificacao\1.0.0-SNAPSHOT\dominio-notificacao-1.0.0-SNAPSHOT.jar
[INFO] 
[INFO] ----------------< dev.beckerhealth:dominio-relatorios >-----------------
[INFO] Building Domínio Relatórios 1.0.0-SNAPSHOT                        [6/12]
[INFO]   from dominio-relatorios\pom.xml
[INFO] --------------------------------[ jar ]---------------------------------
[INFO] 
[INFO] --- clean:3.4.0:clean (default-clean) @ dominio-relatorios ---
[INFO] Deleting C:\Users\migue\OneDrive\Desktop\BeckerHealth-1\dominio-relatorios\target
[INFO] 
[INFO] --- depgraph:4.0.3:graph (default) @ dominio-relatorios ---
[INFO] 
[INFO] --- resources:3.3.1:resources (default-resources) @ dominio-relatorios ---
[INFO] skip non existing resourceDirectory C:\Users\migue\OneDrive\Desktop\BeckerHealth-1\dominio-relatorios\src\main\resources
[INFO] skip non existing resourceDirectory C:\Users\migue\OneDrive\Desktop\BeckerHealth-1\dominio-relatorios\src\main\resources
[INFO] 
[INFO] --- compiler:3.13.0:compile (default-compile) @ dominio-relatorios ---
[INFO] Recompiling the module because of changed dependency.
[INFO] Compiling 2 source files with javac [debug parameters release 17] to target\classes
[INFO] 
[INFO] --- resources:3.3.1:testResources (default-testResources) @ dominio-relatorios ---
[INFO] skip non existing resourceDirectory C:\Users\migue\OneDrive\Desktop\BeckerHealth-1\dominio-relatorios\src\test\resources
[INFO] 
[INFO] --- compiler:3.13.0:testCompile (default-testCompile) @ dominio-relatorios ---
[INFO] No sources to compile
[INFO] 
[INFO] --- surefire:3.5.2:test (default-test) @ dominio-relatorios ---
[INFO] Tests are skipped.
[INFO] 
[INFO] --- jar:3.4.2:jar (default-jar) @ dominio-relatorios ---
[INFO] Building jar: C:\Users\migue\OneDrive\Desktop\BeckerHealth-1\dominio-relatorios\target\dominio-relatorios-1.0.0-SNAPSHOT.jar
[INFO] 
[INFO] --- install:3.1.3:install (default-install) @ dominio-relatorios ---
[INFO] Installing C:\Users\migue\OneDrive\Desktop\BeckerHealth-1\dominio-relatorios\pom.xml to C:\Users\migue\.m2\repository\dev\beckerhealth\dominio-relatorios\1.0.0-SNAPSHOT\dominio-relatorios-1.0.0-SNAPSHOT.pom
[INFO] Installing C:\Users\migue\OneDrive\Desktop\BeckerHealth-1\dominio-relatorios\target\dominio-relatorios-1.0.0-SNAPSHOT.jar to C:\Users\migue\.m2\repository\dev\beckerhealth\dominio-relatorios\1.0.0-SNAPSHOT\dominio-relatorios-1.0.0-SNAPSHOT.jar
[INFO] 
[INFO] ---------------------< dev.beckerhealth:aplicacao >---------------------
[INFO] Building Aplicação 1.0.0-SNAPSHOT                                 [7/12]
[INFO]   from aplicacao\pom.xml
[INFO] --------------------------------[ jar ]---------------------------------
[INFO] 
[INFO] --- clean:3.4.0:clean (default-clean) @ aplicacao ---
[INFO] Deleting C:\Users\migue\OneDrive\Desktop\BeckerHealth-1\aplicacao\target
[INFO] 
[INFO] --- depgraph:4.0.3:graph (default) @ aplicacao ---
[INFO] 
[INFO] --- resources:3.3.1:resources (default-resources) @ aplicacao ---
[INFO] skip non existing resourceDirectory C:\Users\migue\OneDrive\Desktop\BeckerHealth-1\aplicacao\src\main\resources
[INFO] skip non existing resourceDirectory C:\Users\migue\OneDrive\Desktop\BeckerHealth-1\aplicacao\src\main\resources
[INFO] 
[INFO] --- compiler:3.13.0:compile (default-compile) @ aplicacao ---
[INFO] Recompiling the module because of changed dependency.
[INFO] Compiling 20 source files with javac [debug parameters release 17] to target\classes
[INFO] 
[INFO] --- resources:3.3.1:testResources (default-testResources) @ aplicacao ---
[INFO] skip non existing resourceDirectory C:\Users\migue\OneDrive\Desktop\BeckerHealth-1\aplicacao\src\test\resources
[INFO] 
[INFO] --- compiler:3.13.0:testCompile (default-testCompile) @ aplicacao ---
[INFO] No sources to compile
[INFO] 
[INFO] --- surefire:3.5.2:test (default-test) @ aplicacao ---
[INFO] Tests are skipped.
[INFO] 
[INFO] --- jar:3.4.2:jar (default-jar) @ aplicacao ---
[INFO] Building jar: C:\Users\migue\OneDrive\Desktop\BeckerHealth-1\aplicacao\target\aplicacao-1.0.0-SNAPSHOT.jar
[INFO] 
[INFO] --- install:3.1.3:install (default-install) @ aplicacao ---
[INFO] Installing C:\Users\migue\OneDrive\Desktop\BeckerHealth-1\aplicacao\pom.xml to C:\Users\migue\.m2\repository\dev\beckerhealth\aplicacao\1.0.0-SNAPSHOT\aplicacao-1.0.0-SNAPSHOT.pom
[INFO] Installing C:\Users\migue\OneDrive\Desktop\BeckerHealth-1\aplicacao\target\aplicacao-1.0.0-SNAPSHOT.jar to C:\Users\migue\.m2\repository\dev\beckerhealth\aplicacao\1.0.0-SNAPSHOT\aplicacao-1.0.0-SNAPSHOT.jar
[INFO] 
[INFO] ------------------< dev.beckerhealth:infraestrutura >-------------------
[INFO] Building Infraestrutura 1.0.0-SNAPSHOT                            [8/12]
[INFO]   from infraestrutura\pom.xml
[INFO] --------------------------------[ jar ]---------------------------------
[INFO] 
[INFO] --- clean:3.4.0:clean (default-clean) @ infraestrutura ---
[INFO] Deleting C:\Users\migue\OneDrive\Desktop\BeckerHealth-1\infraestrutura\target
[INFO] 
[INFO] --- depgraph:4.0.3:graph (default) @ infraestrutura ---
[INFO] 
[INFO] --- resources:3.3.1:resources (default-resources) @ infraestrutura ---
[INFO] Copying 0 resource from src\main\resources to target\classes
[INFO] Copying 2 resources from src\main\resources to target\classes
[INFO] 
[INFO] --- compiler:3.13.0:compile (default-compile) @ infraestrutura ---
[INFO] Recompiling the module because of changed dependency.
[INFO] Compiling 26 source files with javac [debug parameters release 17] to target\classes
[INFO] 
[INFO] --- resources:3.3.1:testResources (default-testResources) @ infraestrutura ---
[INFO] skip non existing resourceDirectory C:\Users\migue\OneDrive\Desktop\BeckerHealth-1\infraestrutura\src\test\resources
[INFO] 
[INFO] --- compiler:3.13.0:testCompile (default-testCompile) @ infraestrutura ---
[INFO] No sources to compile
[INFO] 
[INFO] --- surefire:3.5.2:test (default-test) @ infraestrutura ---
[INFO] Tests are skipped.
[INFO] 
[INFO] --- jar:3.4.2:jar (default-jar) @ infraestrutura ---
[INFO] Building jar: C:\Users\migue\OneDrive\Desktop\BeckerHealth-1\infraestrutura\target\infraestrutura-1.0.0-SNAPSHOT.jar
[INFO] 
[INFO] --- install:3.1.3:install (default-install) @ infraestrutura ---
[INFO] Installing C:\Users\migue\OneDrive\Desktop\BeckerHealth-1\infraestrutura\pom.xml to C:\Users\migue\.m2\repository\dev\beckerhealth\infraestrutura\1.0.0-SNAPSHOT\infraestrutura-1.0.0-SNAPSHOT.pom
[INFO] Installing C:\Users\migue\OneDrive\Desktop\BeckerHealth-1\infraestrutura\target\infraestrutura-1.0.0-SNAPSHOT.jar to C:\Users\migue\.m2\repository\dev\beckerhealth\infraestrutura\1.0.0-SNAPSHOT\infraestrutura-1.0.0-SNAPSHOT.jar
[INFO] 
[INFO] ---------------< dev.beckerhealth:apresentacao-backend >----------------
[INFO] Building Apresentação Backend 1.0.0-SNAPSHOT                      [9/12]
[INFO]   from apresentacao-backend\pom.xml
[INFO] --------------------------------[ jar ]---------------------------------
[INFO] 
[INFO] --- clean:3.4.0:clean (default-clean) @ apresentacao-backend ---
[INFO] Deleting C:\Users\migue\OneDrive\Desktop\BeckerHealth-1\apresentacao-backend\target
[INFO] 
[INFO] --- depgraph:4.0.3:graph (default) @ apresentacao-backend ---
[INFO] 
[INFO] --- resources:3.3.1:resources (default-resources) @ apresentacao-backend ---
[INFO] Copying 1 resource from src\main\resources to target\classes
[INFO] Copying 0 resource from src\main\resources to target\classes
[INFO] 
[INFO] --- compiler:3.13.0:compile (default-compile) @ apresentacao-backend ---
[INFO] Recompiling the module because of changed dependency.
[INFO] Compiling 4 source files with javac [debug parameters release 17] to target\classes
[INFO] 
[INFO] --- resources:3.3.1:testResources (default-testResources) @ apresentacao-backend ---
[INFO] skip non existing resourceDirectory C:\Users\migue\OneDrive\Desktop\BeckerHealth-1\apresentacao-backend\src\test\resources
[INFO] 
[INFO] --- compiler:3.13.0:testCompile (default-testCompile) @ apresentacao-backend ---
[INFO] No sources to compile
[INFO] 
[INFO] --- surefire:3.5.2:test (default-test) @ apresentacao-backend ---
[INFO] Tests are skipped.
[INFO] 
[INFO] --- jar:3.4.2:jar (default-jar) @ apresentacao-backend ---
[INFO] Building jar: C:\Users\migue\OneDrive\Desktop\BeckerHealth-1\apresentacao-backend\target\apresentacao-backend-1.0.0-SNAPSHOT.jar
[INFO] 
[INFO] --- spring-boot:3.4.2:repackage (repackage) @ apresentacao-backend ---
[INFO] Replacing main artifact C:\Users\migue\OneDrive\Desktop\BeckerHealth-1\apresentacao-backend\target\apresentacao-backend-1.0.0-SNAPSHOT.jar with repackaged archive, adding nested dependencies in BOOT-INF/.
[INFO] The original artifact has been renamed to C:\Users\migue\OneDrive\Desktop\BeckerHealth-1\apresentacao-backend\target\apresentacao-backend-1.0.0-SNAPSHOT.jar.original
[INFO] 
[INFO] --- install:3.1.3:install (default-install) @ apresentacao-backend ---
[INFO] Installing C:\Users\migue\OneDrive\Desktop\BeckerHealth-1\apresentacao-backend\pom.xml to C:\Users\migue\.m2\repository\dev\beckerhealth\apresentacao-backend\1.0.0-SNAPSHOT\apresentacao-backend-1.0.0-SNAPSHOT.pom
[INFO] Installing C:\Users\migue\OneDrive\Desktop\BeckerHealth-1\apresentacao-backend\target\apresentacao-backend-1.0.0-SNAPSHOT.jar to C:\Users\migue\.m2\repository\dev\beckerhealth\apresentacao-backend\1.0.0-SNAPSHOT\apresentacao-backend-1.0.0-SNAPSHOT.jar
[INFO] 
[INFO] ---------------< dev.beckerhealth:apresentacao-frontend >---------------
[INFO] Building apresentacao-frontend 1.0.0-SNAPSHOT                    [10/12]
[INFO]   from apresentacao-frontend\pom.xml
[INFO] --------------------------------[ jar ]---------------------------------
[INFO] 
[INFO] --- clean:3.4.0:clean (default-clean) @ apresentacao-frontend ---
[INFO] Deleting C:\Users\migue\OneDrive\Desktop\BeckerHealth-1\apresentacao-frontend\target
[INFO] 
[INFO] --- depgraph:4.0.3:graph (default) @ apresentacao-frontend ---
[INFO] 
[INFO] --- resources:3.3.1:resources (default-resources) @ apresentacao-frontend ---
[INFO] skip non existing resourceDirectory C:\Users\migue\OneDrive\Desktop\BeckerHealth-1\apresentacao-frontend\src\main\resources
[INFO] skip non existing resourceDirectory C:\Users\migue\OneDrive\Desktop\BeckerHealth-1\apresentacao-frontend\src\main\resources
[INFO] 
[INFO] --- resources:3.3.1:copy-resources (default) @ apresentacao-frontend ---
[INFO] skip non existing resourceDirectory C:\Users\migue\OneDrive\Desktop\BeckerHealth-1\apresentacao-frontend\src\main\angular\dist\beckerhealth
[INFO] 
[INFO] --- compiler:3.13.0:compile (default-compile) @ apresentacao-frontend ---
[INFO] Recompiling the module because of changed source code.
[INFO] Compiling 2 source files with javac [debug parameters release 17] to target\classes
[INFO] 
[INFO] --- resources:3.3.1:testResources (default-testResources) @ apresentacao-frontend ---
[INFO] skip non existing resourceDirectory C:\Users\migue\OneDrive\Desktop\BeckerHealth-1\apresentacao-frontend\src\test\resources
[INFO] 
[INFO] --- compiler:3.13.0:testCompile (default-testCompile) @ apresentacao-frontend ---
[INFO] No sources to compile
[INFO] 
[INFO] --- surefire:3.5.2:test (default-test) @ apresentacao-frontend ---
[INFO] Tests are skipped.
[INFO] 
[INFO] --- jar:3.4.2:jar (default-jar) @ apresentacao-frontend ---
[INFO] Building jar: C:\Users\migue\OneDrive\Desktop\BeckerHealth-1\apresentacao-frontend\target\apresentacao-frontend-1.0.0-SNAPSHOT.jar
[INFO] 
[INFO] --- spring-boot:3.4.2:repackage (repackage) @ apresentacao-frontend ---
[INFO] Replacing main artifact C:\Users\migue\OneDrive\Desktop\BeckerHealth-1\apresentacao-frontend\target\apresentacao-frontend-1.0.0-SNAPSHOT.jar with repackaged archive, adding nested dependencies in BOOT-INF/.
[INFO] The original artifact has been renamed to C:\Users\migue\OneDrive\Desktop\BeckerHealth-1\apresentacao-frontend\target\apresentacao-frontend-1.0.0-SNAPSHOT.jar.original
[INFO] 
[INFO] --- spring-boot:3.4.2:repackage (default) @ apresentacao-frontend ---
[INFO] Replacing main artifact C:\Users\migue\OneDrive\Desktop\BeckerHealth-1\apresentacao-frontend\target\apresentacao-frontend-1.0.0-SNAPSHOT.jar with repackaged archive, adding nested dependencies in BOOT-INF/.
[INFO] The original artifact has been renamed to C:\Users\migue\OneDrive\Desktop\BeckerHealth-1\apresentacao-frontend\target\apresentacao-frontend-1.0.0-SNAPSHOT.jar.original
[INFO] 
[INFO] --- install:3.1.3:install (default-install) @ apresentacao-frontend ---
[INFO] Installing C:\Users\migue\OneDrive\Desktop\BeckerHealth-1\apresentacao-frontend\pom.xml to C:\Users\migue\.m2\repository\dev\beckerhealth\apresentacao-frontend\1.0.0-SNAPSHOT\apresentacao-frontend-1.0.0-SNAPSHOT.pom
[INFO] Installing C:\Users\migue\OneDrive\Desktop\BeckerHealth-1\apresentacao-frontend\target\apresentacao-frontend-1.0.0-SNAPSHOT.jar to C:\Users\migue\.m2\repository\dev\beckerhealth\apresentacao-frontend\1.0.0-SNAPSHOT\apresentacao-frontend-1.0.0-SNAPSHOT.jar
[INFO] 
[INFO] ----------------< dev.beckerhealth:apresentacao-vaadin >----------------
[INFO] Building Apresentação Vaadin 1.0.0-SNAPSHOT                      [11/12]
[INFO]   from apresentacao-vaadin\pom.xml
[INFO] --------------------------------[ jar ]---------------------------------
[INFO] 
[INFO] --- clean:3.4.0:clean (default-clean) @ apresentacao-vaadin ---
[INFO] Deleting C:\Users\migue\OneDrive\Desktop\BeckerHealth-1\apresentacao-vaadin\target
[INFO] 
[INFO] --- depgraph:4.0.3:graph (default) @ apresentacao-vaadin ---
[INFO] 
[INFO] --- resources:3.3.1:resources (default-resources) @ apresentacao-vaadin ---
[INFO] Copying 1 resource from src\main\resources to target\classes
[INFO] Copying 1 resource from src\main\resources to target\classes
[INFO] 
[INFO] --- compiler:3.13.0:compile (default-compile) @ apresentacao-vaadin ---
[INFO] Recompiling the module because of changed dependency.
[INFO] Compiling 22 source files with javac [debug parameters release 17] to target\classes
[INFO] 
[INFO] --- resources:3.3.1:testResources (default-testResources) @ apresentacao-vaadin ---
[INFO] skip non existing resourceDirectory C:\Users\migue\OneDrive\Desktop\BeckerHealth-1\apresentacao-vaadin\src\test\resources
[INFO] 
[INFO] --- compiler:3.13.0:testCompile (default-testCompile) @ apresentacao-vaadin ---
[INFO] No sources to compile
[INFO] 
[INFO] --- surefire:3.5.2:test (default-test) @ apresentacao-vaadin ---
[INFO] Tests are skipped.
[INFO] 
[INFO] --- jar:3.4.2:jar (default-jar) @ apresentacao-vaadin ---
[INFO] Building jar: C:\Users\migue\OneDrive\Desktop\BeckerHealth-1\apresentacao-vaadin\target\apresentacao-vaadin-1.0.0-SNAPSHOT.jar
[INFO] 
[INFO] --- spring-boot:3.4.2:repackage (repackage) @ apresentacao-vaadin ---
[INFO] Replacing main artifact C:\Users\migue\OneDrive\Desktop\BeckerHealth-1\apresentacao-vaadin\target\apresentacao-vaadin-1.0.0-SNAPSHOT.jar with repackaged archive, adding nested dependencies in BOOT-INF/.
[INFO] The original artifact has been renamed to C:\Users\migue\OneDrive\Desktop\BeckerHealth-1\apresentacao-vaadin\target\apresentacao-vaadin-1.0.0-SNAPSHOT.jar.original
[INFO] 
[INFO] --- install:3.1.3:install (default-install) @ apresentacao-vaadin ---
[INFO] Installing C:\Users\migue\OneDrive\Desktop\BeckerHealth-1\apresentacao-vaadin\pom.xml to C:\Users\migue\.m2\repository\dev\beckerhealth\apresentacao-vaadin\1.0.0-SNAPSHOT\apresentacao-vaadin-1.0.0-SNAPSHOT.pom
[INFO] Installing C:\Users\migue\OneDrive\Desktop\BeckerHealth-1\apresentacao-vaadin\target\apresentacao-vaadin-1.0.0-SNAPSHOT.jar to C:\Users\migue\.m2\repository\dev\beckerhealth\apresentacao-vaadin\1.0.0-SNAPSHOT\apresentacao-vaadin-1.0.0-SNAPSHOT.jar
[INFO] 
[INFO] ----------------< dev.beckerhealth:beckerhealth-parent >----------------
[INFO] Building BeckerHealth Parent 1.0.0-SNAPSHOT                      [12/12]
[INFO]   from pom.xml
[INFO] --------------------------------[ pom ]---------------------------------
[INFO] Downloading from central: https://repo.maven.apache.org/maven2/org/apache/maven/plugins/maven-clean-plugin/3.2.0/maven-clean-plugin-3.2.0.pom
[INFO] Downloaded from central: https://repo.maven.apache.org/maven2/org/apache/maven/plugins/maven-clean-plugin/3.2.0/maven-clean-plugin-3.2.0.pom (5.3 kB at 5.2 kB/s)
[INFO] Downloading from central: https://repo.maven.apache.org/maven2/org/apache/maven/plugins/maven-plugins/35/maven-plugins-35.pom
[INFO] Downloaded from central: https://repo.maven.apache.org/maven2/org/apache/maven/plugins/maven-plugins/35/maven-plugins-35.pom (9.9 kB at 129 kB/s)
[INFO] Downloading from central: https://repo.maven.apache.org/maven2/org/apache/maven/plugins/maven-install-plugin/3.1.2/maven-install-plugin-3.1.2.pom
[INFO] Downloaded from central: https://repo.maven.apache.org/maven2/org/apache/maven/plugins/maven-install-plugin/3.1.2/maven-install-plugin-3.1.2.pom (8.5 kB at 133 kB/s)
[INFO] 
[INFO] --- clean:3.2.0:clean (default-clean) @ beckerhealth-parent ---
[INFO] 
[INFO] --- install:3.1.2:install (default-install) @ beckerhealth-parent ---
[INFO] Installing C:\Users\migue\OneDrive\Desktop\BeckerHealth-1\pom.xml to C:\Users\migue\.m2\repository\dev\beckerhealth\beckerhealth-parent\1.0.0-SNAPSHOT\beckerhealth-parent-1.0.0-SNAPSHOT.pom
[INFO] ------------------------------------------------------------------------
[INFO] Reactor Summary for BeckerHealth Parent 1.0.0-SNAPSHOT:
[INFO] 
[INFO] beckerhealth-pai ................................... SUCCESS [  1.892 s]
[INFO] Domínio Compartilhado .............................. SUCCESS [  3.584 s]
[INFO] Domínio Consultas .................................. SUCCESS [  2.872 s]
[INFO] Domínio Prontuário ................................. SUCCESS [  1.590 s]
[INFO] Domínio Notificação ................................ SUCCESS [  1.235 s]
[INFO] Domínio Relatórios ................................. SUCCESS [  0.300 s]
[INFO] Aplicação .......................................... SUCCESS [  0.814 s]
[INFO] Infraestrutura ..................................... SUCCESS [  1.867 s]
[INFO] Apresentação Backend ............................... SUCCESS [  2.321 s]
[INFO] apresentacao-frontend .............................. SUCCESS [  2.068 s]
[INFO] Apresentação Vaadin ................................ SUCCESS [ 10.038 s]
[INFO] BeckerHealth Parent ................................ SUCCESS [  1.828 s]
[INFO] ------------------------------------------------------------------------
[INFO] BUILD SUCCESS
[INFO] ------------------------------------------------------------------------
[INFO] Total time:  31.850 s
[INFO] Finished at: 2025-12-13T00:57:01-03:00
[INFO] ------------------------------------------------------------------------
